<?xml version="1.0" encoding="UTF-8"?>
<!-- Generated by org.testng.reporters.JUnitReportReporter -->
<testsuite hostname="Pradeep-PC" failures="0" tests="1" name="com.zoho.testscript.CampaignModule" time="160.857" errors="0" timestamp="2025-09-03T17:50:12 IST" skipped="0">
  <testcase classname="com.zoho.testscript.CampaignModule" name="testCampaignModule" time="160.857"/>
</testsuite> <!-- com.zoho.testscript.CampaignModule -->
