<?xml version="1.0" encoding="UTF-8"?>
<!-- Generated by org.testng.reporters.JUnitReportReporter -->
<testsuite hostname="Pradeep-PC" failures="0" tests="1" name="com.zoho.testscript.CampaignModule" time="64.536" errors="0" timestamp="2025-09-03T18:16:25 IST" skipped="0">
  <testcase classname="com.zoho.testscript.CampaignModule" name="testCampaignModule" time="64.536"/>
</testsuite> <!-- com.zoho.testscript.CampaignModule -->
